# JRE version: OpenJDK Runtime Environment (7.0_51) (build 1.7.0_51-b00)
# Java VM: OpenJDK 64-Bit Server VM (24.45-b08 mixed mode linux-amd64 compressed oops)
Heap
 PSYoungGen      total 275456K, used 72642K [0x00000000e0000000, 0x00000000f2200000, 0x0000000100000000)
  eden space 253952K, 20% used [0x00000000e0000000,0x00000000e31f6088,0x00000000ef800000)
  from space 21504K, 99% used [0x00000000ef800000,0x00000000f0cfa7e0,0x00000000f0d00000)
  to   space 21504K, 0% used [0x00000000f0d00000,0x00000000f0d00000,0x00000000f2200000)
 ParOldGen       total 349696K, used 11995K [0x00000000a0000000, 0x00000000b5580000, 0x00000000e0000000)
  object space 349696K, 3% used [0x00000000a0000000,0x00000000a0bb6cc0,0x00000000b5580000)
 PSPermGen       total 60416K, used 60245K [0x0000000080000000, 0x0000000083b00000, 0x00000000a0000000)
  object space 60416K, 99% used [0x0000000080000000,0x0000000083ad57a8,0x0000000083b00000)
GC Heap History (6 events):
Event: 2.733 GC heap before
{Heap before GC invocations=1 (full 0):
 PSYoungGen      total 153600K, used 132096K [0x00000000e0000000, 0x00000000eab00000, 0x0000000100000000)
  eden space 132096K, 100% used [0x00000000e0000000,0x00000000e8100000,0x00000000e8100000)
  from space 21504K, 0% used [0x00000000e9600000,0x00000000e9600000,0x00000000eab00000)
  to   space 21504K, 0% used [0x00000000e8100000,0x00000000e8100000,0x00000000e9600000)
 ParOldGen       total 349696K, used 0K [0x00000000a0000000, 0x00000000b5580000, 0x00000000e0000000)
  object space 349696K, 0% used [0x00000000a0000000,0x00000000a0000000,0x00000000b5580000)
 PSPermGen       total 22528K, used 22221K [0x0000000080000000, 0x0000000081600000, 0x00000000a0000000)
  object space 22528K, 98% used [0x0000000080000000,0x00000000815b34c8,0x0000000081600000)
Event: 2.771 GC heap after
Heap after GC invocations=1 (full 0):
 PSYoungGen      total 153600K, used 17093K [0x00000000e0000000, 0x00000000f2c00000, 0x0000000100000000)
  eden space 132096K, 0% used [0x00000000e0000000,0x00000000e0000000,0x00000000e8100000)
  from space 21504K, 79% used [0x00000000e8100000,0x00000000e91b16b0,0x00000000e9600000)
  to   space 21504K, 0% used [0x00000000f1700000,0x00000000f1700000,0x00000000f2c00000)
 ParOldGen       total 349696K, used 8K [0x00000000a0000000, 0x00000000b5580000, 0x00000000e0000000)
  object space 349696K, 0% used [0x00000000a0000000,0x00000000a0002000,0x00000000b5580000)
 PSPermGen       total 22528K, used 22221K [0x0000000080000000, 0x0000000081600000, 0x00000000a0000000)
  object space 22528K, 98% used [0x0000000080000000,0x00000000815b34c8,0x0000000081600000)
}
Event: 5.687 GC heap before
{Heap before GC invocations=2 (full 0):
 PSYoungGen      total 153600K, used 149189K [0x00000000e0000000, 0x00000000f2c00000, 0x0000000100000000)
  eden space 132096K, 100% used [0x00000000e0000000,0x00000000e8100000,0x00000000e8100000)
  from space 21504K, 79% used [0x00000000e8100000,0x00000000e91b16b0,0x00000000e9600000)
  to   space 21504K, 0% used [0x00000000f1700000,0x00000000f1700000,0x00000000f2c00000)
 ParOldGen       total 349696K, used 8K [0x00000000a0000000, 0x00000000b5580000, 0x00000000e0000000)
  object space 349696K, 0% used [0x00000000a0000000,0x00000000a0002000,0x00000000b5580000)
 PSPermGen       total 28672K, used 28394K [0x0000000080000000, 0x0000000081c00000, 0x00000000a0000000)
  object space 28672K, 99% used [0x0000000080000000,0x0000000081bba890,0x0000000081c00000)
Event: 5.701 GC heap after
Heap after GC invocations=2 (full 0):
 PSYoungGen      total 265216K, used 11254K [0x00000000e0000000, 0x00000000f2200000, 0x0000000100000000)
  eden space 253952K, 0% used [0x00000000e0000000,0x00000000e0000000,0x00000000ef800000)
  from space 11264K, 99% used [0x00000000f1700000,0x00000000f21fd838,0x00000000f2200000)
  to   space 21504K, 0% used [0x00000000ef800000,0x00000000ef800000,0x00000000f0d00000)
 ParOldGen       total 349696K, used 16K [0x00000000a0000000, 0x00000000b5580000, 0x00000000e0000000)
  object space 349696K, 0% used [0x00000000a0000000,0x00000000a0004000,0x00000000b5580000)
 PSPermGen       total 28672K, used 28394K [0x0000000080000000, 0x0000000081c00000, 0x00000000a0000000)
  object space 28672K, 99% used [0x0000000080000000,0x0000000081bba890,0x0000000081c00000)
}
Event: 18.085 GC heap before
{Heap before GC invocations=3 (full 0):
 PSYoungGen      total 265216K, used 265206K [0x00000000e0000000, 0x00000000f2200000, 0x0000000100000000)
  eden space 253952K, 100% used [0x00000000e0000000,0x00000000ef800000,0x00000000ef800000)
  from space 11264K, 99% used [0x00000000f1700000,0x00000000f21fd838,0x00000000f2200000)
  to   space 21504K, 0% used [0x00000000ef800000,0x00000000ef800000,0x00000000f0d00000)
 ParOldGen       total 349696K, used 16K [0x00000000a0000000, 0x00000000b5580000, 0x00000000e0000000)
  object space 349696K, 0% used [0x00000000a0000000,0x00000000a0004000,0x00000000b5580000)
 PSPermGen       total 51200K, used 50806K [0x0000000080000000, 0x0000000083200000, 0x00000000a0000000)
  object space 51200K, 99% used [0x0000000080000000,0x000000008319da80,0x0000000083200000)
Event: 18.120 GC heap after
Heap after GC invocations=3 (full 0):
 PSYoungGen      total 275456K, used 21481K [0x00000000e0000000, 0x00000000f2200000, 0x0000000100000000)
  eden space 253952K, 0% used [0x00000000e0000000,0x00000000e0000000,0x00000000ef800000)
  from space 21504K, 99% used [0x00000000ef800000,0x00000000f0cfa7e0,0x00000000f0d00000)
  to   space 21504K, 0% used [0x00000000f0d00000,0x00000000f0d00000,0x00000000f2200000)
 ParOldGen       total 349696K, used 11995K [0x00000000a0000000, 0x00000000b5580000, 0x00000000e0000000)
  object space 349696K, 3% used [0x00000000a0000000,0x00000000a0bb6cc0,0x00000000b5580000)
 PSPermGen       total 51200K, used 50806K [0x0000000080000000, 0x0000000083200000, 0x00000000a0000000)
  object space 51200K, 99% used [0x0000000080000000,0x000000008319da80,0x0000000083200000)
}

