# JRE version: OpenJDK Runtime Environment (7.0_51) (build 1.7.0_51-b00)
# Java VM: OpenJDK 64-Bit Server VM (24.45-b08 mixed mode linux-amd64 compressed oops)
Heap
 PSYoungGen      total 153600K, used 43522K [0x00000000e0000000, 0x00000000eab00000, 0x0000000100000000)
  eden space 132096K, 16% used [0x00000000e0000000,0x00000000e15811f8,0x00000000e8100000)
  from space 21504K, 99% used [0x00000000e9600000,0x00000000eaaff7b0,0x00000000eab00000)
  to   space 21504K, 0% used [0x00000000e8100000,0x00000000e8100000,0x00000000e9600000)
 ParOldGen       total 349696K, used 9877K [0x00000000a0000000, 0x00000000b5580000, 0x00000000e0000000)
  object space 349696K, 2% used [0x00000000a0000000,0x00000000a09a5710,0x00000000b5580000)
 PSPermGen       total 59904K, used 59708K [0x0000000080000000, 0x0000000083a80000, 0x00000000a0000000)
  object space 59904K, 99% used [0x0000000080000000,0x0000000083a4f3b0,0x0000000083a80000)
GC Heap History (8 events):
Event: 2.571 GC heap before
{Heap before GC invocations=1 (full 0):
 PSYoungGen      total 153600K, used 132096K [0x00000000e0000000, 0x00000000eab00000, 0x0000000100000000)
  eden space 132096K, 100% used [0x00000000e0000000,0x00000000e8100000,0x00000000e8100000)
  from space 21504K, 0% used [0x00000000e9600000,0x00000000e9600000,0x00000000eab00000)
  to   space 21504K, 0% used [0x00000000e8100000,0x00000000e8100000,0x00000000e9600000)
 ParOldGen       total 349696K, used 0K [0x00000000a0000000, 0x00000000b5580000, 0x00000000e0000000)
  object space 349696K, 0% used [0x00000000a0000000,0x00000000a0000000,0x00000000b5580000)
 PSPermGen       total 22528K, used 22167K [0x0000000080000000, 0x0000000081600000, 0x00000000a0000000)
  object space 22528K, 98% used [0x0000000080000000,0x00000000815a5ea8,0x0000000081600000)
Event: 2.588 GC heap after
Heap after GC invocations=1 (full 0):
 PSYoungGen      total 153600K, used 17049K [0x00000000e0000000, 0x00000000eab00000, 0x0000000100000000)
  eden space 132096K, 0% used [0x00000000e0000000,0x00000000e0000000,0x00000000e8100000)
  from space 21504K, 79% used [0x00000000e8100000,0x00000000e91a6518,0x00000000e9600000)
  to   space 21504K, 0% used [0x00000000e9600000,0x00000000e9600000,0x00000000eab00000)
 ParOldGen       total 349696K, used 8K [0x00000000a0000000, 0x00000000b5580000, 0x00000000e0000000)
  object space 349696K, 0% used [0x00000000a0000000,0x00000000a0002000,0x00000000b5580000)
 PSPermGen       total 22528K, used 22167K [0x0000000080000000, 0x0000000081600000, 0x00000000a0000000)
  object space 22528K, 98% used [0x0000000080000000,0x00000000815a5ea8,0x0000000081600000)
}
Event: 7.153 GC heap before
{Heap before GC invocations=2 (full 0):
 PSYoungGen      total 153600K, used 149145K [0x00000000e0000000, 0x00000000eab00000, 0x0000000100000000)
  eden space 132096K, 100% used [0x00000000e0000000,0x00000000e8100000,0x00000000e8100000)
  from space 21504K, 79% used [0x00000000e8100000,0x00000000e91a6518,0x00000000e9600000)
  to   space 21504K, 0% used [0x00000000e9600000,0x00000000e9600000,0x00000000eab00000)
 ParOldGen       total 349696K, used 8K [0x00000000a0000000, 0x00000000b5580000, 0x00000000e0000000)
  object space 349696K, 0% used [0x00000000a0000000,0x00000000a0002000,0x00000000b5580000)
 PSPermGen       total 28672K, used 28393K [0x0000000080000000, 0x0000000081c00000, 0x00000000a0000000)
  object space 28672K, 99% used [0x0000000080000000,0x0000000081bba5b0,0x0000000081c00000)
Event: 7.170 GC heap after
Heap after GC invocations=2 (full 0):
 PSYoungGen      total 153600K, used 11289K [0x00000000e0000000, 0x00000000eab00000, 0x0000000100000000)
  eden space 132096K, 0% used [0x00000000e0000000,0x00000000e0000000,0x00000000e8100000)
  from space 21504K, 52% used [0x00000000e9600000,0x00000000ea106698,0x00000000eab00000)
  to   space 21504K, 0% used [0x00000000e8100000,0x00000000e8100000,0x00000000e9600000)
 ParOldGen       total 349696K, used 8K [0x00000000a0000000, 0x00000000b5580000, 0x00000000e0000000)
  object space 349696K, 0% used [0x00000000a0000000,0x00000000a0002000,0x00000000b5580000)
 PSPermGen       total 28672K, used 28393K [0x0000000080000000, 0x0000000081c00000, 0x00000000a0000000)
  object space 28672K, 99% used [0x0000000080000000,0x0000000081bba5b0,0x0000000081c00000)
}
Event: 14.955 GC heap before
{Heap before GC invocations=3 (full 0):
 PSYoungGen      total 153600K, used 143385K [0x00000000e0000000, 0x00000000eab00000, 0x0000000100000000)
  eden space 132096K, 100% used [0x00000000e0000000,0x00000000e8100000,0x00000000e8100000)
  from space 21504K, 52% used [0x00000000e9600000,0x00000000ea106698,0x00000000eab00000)
  to   space 21504K, 0% used [0x00000000e8100000,0x00000000e8100000,0x00000000e9600000)
 ParOldGen       total 349696K, used 8K [0x00000000a0000000, 0x00000000b5580000, 0x00000000e0000000)
  object space 349696K, 0% used [0x00000000a0000000,0x00000000a0002000,0x00000000b5580000)
 PSPermGen       total 41472K, used 41451K [0x0000000080000000, 0x0000000082880000, 0x00000000a0000000)
  object space 41472K, 99% used [0x0000000080000000,0x000000008287adf0,0x0000000082880000)
Event: 14.984 GC heap after
Heap after GC invocations=3 (full 0):
 PSYoungGen      total 153600K, used 21473K [0x00000000e0000000, 0x00000000eab00000, 0x0000000100000000)
  eden space 132096K, 0% used [0x00000000e0000000,0x00000000e0000000,0x00000000e8100000)
  from space 21504K, 99% used [0x00000000e8100000,0x00000000e95f8408,0x00000000e9600000)
  to   space 21504K, 0% used [0x00000000e9600000,0x00000000e9600000,0x00000000eab00000)
 ParOldGen       total 349696K, used 1578K [0x00000000a0000000, 0x00000000b5580000, 0x00000000e0000000)
  object space 349696K, 0% used [0x00000000a0000000,0x00000000a018abf0,0x00000000b5580000)
 PSPermGen       total 41472K, used 41451K [0x0000000080000000, 0x0000000082880000, 0x00000000a0000000)
  object space 41472K, 99% used [0x0000000080000000,0x000000008287adf0,0x0000000082880000)
}
Event: 17.791 GC heap before
{Heap before GC invocations=4 (full 0):
 PSYoungGen      total 153600K, used 153569K [0x00000000e0000000, 0x00000000eab00000, 0x0000000100000000)
  eden space 132096K, 100% used [0x00000000e0000000,0x00000000e8100000,0x00000000e8100000)
  from space 21504K, 99% used [0x00000000e8100000,0x00000000e95f8408,0x00000000e9600000)
  to   space 21504K, 0% used [0x00000000e9600000,0x00000000e9600000,0x00000000eab00000)
 ParOldGen       total 349696K, used 1578K [0x00000000a0000000, 0x00000000b5580000, 0x00000000e0000000)
  object space 349696K, 0% used [0x00000000a0000000,0x00000000a018abf0,0x00000000b5580000)
 PSPermGen       total 57856K, used 57439K [0x0000000080000000, 0x0000000083880000, 0x00000000a0000000)
  object space 57856K, 99% used [0x0000000080000000,0x0000000083817dd0,0x0000000083880000)
Event: 17.830 GC heap after
Heap after GC invocations=4 (full 0):
 PSYoungGen      total 153600K, used 21501K [0x00000000e0000000, 0x00000000eab00000, 0x0000000100000000)
  eden space 132096K, 0% used [0x00000000e0000000,0x00000000e0000000,0x00000000e8100000)
  from space 21504K, 99% used [0x00000000e9600000,0x00000000eaaff7b0,0x00000000eab00000)
  to   space 21504K, 0% used [0x00000000e8100000,0x00000000e8100000,0x00000000e9600000)
 ParOldGen       total 349696K, used 9877K [0x00000000a0000000, 0x00000000b5580000, 0x00000000e0000000)
  object space 349696K, 2% used [0x00000000a0000000,0x00000000a09a5710,0x00000000b5580000)
 PSPermGen       total 57856K, used 57439K [0x0000000080000000, 0x0000000083880000, 0x00000000a0000000)
  object space 57856K, 99% used [0x0000000080000000,0x0000000083817dd0,0x0000000083880000)
}

