# JRE version: OpenJDK Runtime Environment (7.0_51) (build 1.7.0_51-b00)
# Java VM: OpenJDK 64-Bit Server VM (24.45-b08 mixed mode linux-amd64 compressed oops)
Heap
 PSYoungGen      total 153600K, used 27865K [0x00000000e0000000, 0x00000000eab00000, 0x0000000100000000)
  eden space 132096K, 4% used [0x00000000e0000000,0x00000000e0639668,0x00000000e8100000)
  from space 21504K, 99% used [0x00000000e9600000,0x00000000eaafd070,0x00000000eab00000)
  to   space 21504K, 0% used [0x00000000e8100000,0x00000000e8100000,0x00000000e9600000)
 ParOldGen       total 349696K, used 13350K [0x00000000a0000000, 0x00000000b5580000, 0x00000000e0000000)
  object space 349696K, 3% used [0x00000000a0000000,0x00000000a0d09878,0x00000000b5580000)
 PSPermGen       total 59904K, used 59523K [0x0000000080000000, 0x0000000083a80000, 0x00000000a0000000)
  object space 59904K, 99% used [0x0000000080000000,0x0000000083a20d48,0x0000000083a80000)
GC Heap History (8 events):
Event: 2.517 GC heap before
{Heap before GC invocations=1 (full 0):
 PSYoungGen      total 153600K, used 132096K [0x00000000e0000000, 0x00000000eab00000, 0x0000000100000000)
  eden space 132096K, 100% used [0x00000000e0000000,0x00000000e8100000,0x00000000e8100000)
  from space 21504K, 0% used [0x00000000e9600000,0x00000000e9600000,0x00000000eab00000)
  to   space 21504K, 0% used [0x00000000e8100000,0x00000000e8100000,0x00000000e9600000)
 ParOldGen       total 349696K, used 0K [0x00000000a0000000, 0x00000000b5580000, 0x00000000e0000000)
  object space 349696K, 0% used [0x00000000a0000000,0x00000000a0000000,0x00000000b5580000)
 PSPermGen       total 22528K, used 22221K [0x0000000080000000, 0x0000000081600000, 0x00000000a0000000)
  object space 22528K, 98% used [0x0000000080000000,0x00000000815b34e8,0x0000000081600000)
Event: 2.536 GC heap after
Heap after GC invocations=1 (full 0):
 PSYoungGen      total 153600K, used 17026K [0x00000000e0000000, 0x00000000eab00000, 0x0000000100000000)
  eden space 132096K, 0% used [0x00000000e0000000,0x00000000e0000000,0x00000000e8100000)
  from space 21504K, 79% used [0x00000000e8100000,0x00000000e91a0a10,0x00000000e9600000)
  to   space 21504K, 0% used [0x00000000e9600000,0x00000000e9600000,0x00000000eab00000)
 ParOldGen       total 349696K, used 8K [0x00000000a0000000, 0x00000000b5580000, 0x00000000e0000000)
  object space 349696K, 0% used [0x00000000a0000000,0x00000000a0002000,0x00000000b5580000)
 PSPermGen       total 22528K, used 22221K [0x0000000080000000, 0x0000000081600000, 0x00000000a0000000)
  object space 22528K, 98% used [0x0000000080000000,0x00000000815b34e8,0x0000000081600000)
}
Event: 4.214 GC heap before
{Heap before GC invocations=2 (full 0):
 PSYoungGen      total 153600K, used 149122K [0x00000000e0000000, 0x00000000eab00000, 0x0000000100000000)
  eden space 132096K, 100% used [0x00000000e0000000,0x00000000e8100000,0x00000000e8100000)
  from space 21504K, 79% used [0x00000000e8100000,0x00000000e91a0a10,0x00000000e9600000)
  to   space 21504K, 0% used [0x00000000e9600000,0x00000000e9600000,0x00000000eab00000)
 ParOldGen       total 349696K, used 8K [0x00000000a0000000, 0x00000000b5580000, 0x00000000e0000000)
  object space 349696K, 0% used [0x00000000a0000000,0x00000000a0002000,0x00000000b5580000)
 PSPermGen       total 28160K, used 27828K [0x0000000080000000, 0x0000000081b80000, 0x00000000a0000000)
  object space 28160K, 98% used [0x0000000080000000,0x0000000081b2d330,0x0000000081b80000)
Event: 4.228 GC heap after
Heap after GC invocations=2 (full 0):
 PSYoungGen      total 153600K, used 10439K [0x00000000e0000000, 0x00000000eab00000, 0x0000000100000000)
  eden space 132096K, 0% used [0x00000000e0000000,0x00000000e0000000,0x00000000e8100000)
  from space 21504K, 48% used [0x00000000e9600000,0x00000000ea031c28,0x00000000eab00000)
  to   space 21504K, 0% used [0x00000000e8100000,0x00000000e8100000,0x00000000e9600000)
 ParOldGen       total 349696K, used 8K [0x00000000a0000000, 0x00000000b5580000, 0x00000000e0000000)
  object space 349696K, 0% used [0x00000000a0000000,0x00000000a0002000,0x00000000b5580000)
 PSPermGen       total 28160K, used 27828K [0x0000000080000000, 0x0000000081b80000, 0x00000000a0000000)
  object space 28160K, 98% used [0x0000000080000000,0x0000000081b2d330,0x0000000081b80000)
}
Event: 15.945 GC heap before
{Heap before GC invocations=3 (full 0):
 PSYoungGen      total 153600K, used 142535K [0x00000000e0000000, 0x00000000eab00000, 0x0000000100000000)
  eden space 132096K, 100% used [0x00000000e0000000,0x00000000e8100000,0x00000000e8100000)
  from space 21504K, 48% used [0x00000000e9600000,0x00000000ea031c28,0x00000000eab00000)
  to   space 21504K, 0% used [0x00000000e8100000,0x00000000e8100000,0x00000000e9600000)
 ParOldGen       total 349696K, used 8K [0x00000000a0000000, 0x00000000b5580000, 0x00000000e0000000)
  object space 349696K, 0% used [0x00000000a0000000,0x00000000a0002000,0x00000000b5580000)
 PSPermGen       total 41472K, used 41291K [0x0000000080000000, 0x0000000082880000, 0x00000000a0000000)
  object space 41472K, 99% used [0x0000000080000000,0x0000000082852c18,0x0000000082880000)
Event: 15.971 GC heap after
Heap after GC invocations=3 (full 0):
 PSYoungGen      total 153600K, used 21474K [0x00000000e0000000, 0x00000000eab00000, 0x0000000100000000)
  eden space 132096K, 0% used [0x00000000e0000000,0x00000000e0000000,0x00000000e8100000)
  from space 21504K, 99% used [0x00000000e8100000,0x00000000e95f8b10,0x00000000e9600000)
  to   space 21504K, 0% used [0x00000000e9600000,0x00000000e9600000,0x00000000eab00000)
 ParOldGen       total 349696K, used 3205K [0x00000000a0000000, 0x00000000b5580000, 0x00000000e0000000)
  object space 349696K, 0% used [0x00000000a0000000,0x00000000a0321648,0x00000000b5580000)
 PSPermGen       total 41472K, used 41291K [0x0000000080000000, 0x0000000082880000, 0x00000000a0000000)
  object space 41472K, 99% used [0x0000000080000000,0x0000000082852c18,0x0000000082880000)
}
Event: 19.549 GC heap before
{Heap before GC invocations=4 (full 0):
 PSYoungGen      total 153600K, used 153570K [0x00000000e0000000, 0x00000000eab00000, 0x0000000100000000)
  eden space 132096K, 100% used [0x00000000e0000000,0x00000000e8100000,0x00000000e8100000)
  from space 21504K, 99% used [0x00000000e8100000,0x00000000e95f8b10,0x00000000e9600000)
  to   space 21504K, 0% used [0x00000000e9600000,0x00000000e9600000,0x00000000eab00000)
 ParOldGen       total 349696K, used 3205K [0x00000000a0000000, 0x00000000b5580000, 0x00000000e0000000)
  object space 349696K, 0% used [0x00000000a0000000,0x00000000a0321648,0x00000000b5580000)
 PSPermGen       total 59392K, used 59152K [0x0000000080000000, 0x0000000083a00000, 0x00000000a0000000)
  object space 59392K, 99% used [0x0000000080000000,0x00000000839c4070,0x0000000083a00000)
Event: 19.582 GC heap after
Heap after GC invocations=4 (full 0):
 PSYoungGen      total 153600K, used 21492K [0x00000000e0000000, 0x00000000eab00000, 0x0000000100000000)
  eden space 132096K, 0% used [0x00000000e0000000,0x00000000e0000000,0x00000000e8100000)
  from space 21504K, 99% used [0x00000000e9600000,0x00000000eaafd070,0x00000000eab00000)
  to   space 21504K, 0% used [0x00000000e8100000,0x00000000e8100000,0x00000000e9600000)
 ParOldGen       total 349696K, used 13350K [0x00000000a0000000, 0x00000000b5580000, 0x00000000e0000000)
  object space 349696K, 3% used [0x00000000a0000000,0x00000000a0d09878,0x00000000b5580000)
 PSPermGen       total 59392K, used 59152K [0x0000000080000000, 0x0000000083a00000, 0x00000000a0000000)
  object space 59392K, 99% used [0x0000000080000000,0x00000000839c4070,0x0000000083a00000)
}

