# JRE version: OpenJDK Runtime Environment (7.0_51) (build 1.7.0_51-b00)
# Java VM: OpenJDK 64-Bit Server VM (24.45-b08 mixed mode linux-amd64 compressed oops)
Heap
 PSYoungGen      total 153600K, used 61762K [0x00000000e0000000, 0x00000000eab00000, 0x0000000100000000)
  eden space 132096K, 30% used [0x00000000e0000000,0x00000000e2757500,0x00000000e8100000)
  from space 21504K, 99% used [0x00000000e9600000,0x00000000eaaf9390,0x00000000eab00000)
  to   space 21504K, 0% used [0x00000000e8100000,0x00000000e8100000,0x00000000e9600000)
 ParOldGen       total 349696K, used 14285K [0x00000000a0000000, 0x00000000b5580000, 0x00000000e0000000)
  object space 349696K, 4% used [0x00000000a0000000,0x00000000a0df36e0,0x00000000b5580000)
 PSPermGen       total 61440K, used 61421K [0x0000000080000000, 0x0000000083c00000, 0x00000000a0000000)
  object space 61440K, 99% used [0x0000000080000000,0x0000000083bfb7a0,0x0000000083c00000)
GC Heap History (8 events):
Event: 2.548 GC heap before
{Heap before GC invocations=1 (full 0):
 PSYoungGen      total 153600K, used 132096K [0x00000000e0000000, 0x00000000eab00000, 0x0000000100000000)
  eden space 132096K, 100% used [0x00000000e0000000,0x00000000e8100000,0x00000000e8100000)
  from space 21504K, 0% used [0x00000000e9600000,0x00000000e9600000,0x00000000eab00000)
  to   space 21504K, 0% used [0x00000000e8100000,0x00000000e8100000,0x00000000e9600000)
 ParOldGen       total 349696K, used 0K [0x00000000a0000000, 0x00000000b5580000, 0x00000000e0000000)
  object space 349696K, 0% used [0x00000000a0000000,0x00000000a0000000,0x00000000b5580000)
 PSPermGen       total 22528K, used 22190K [0x0000000080000000, 0x0000000081600000, 0x00000000a0000000)
  object space 22528K, 98% used [0x0000000080000000,0x00000000815ab928,0x0000000081600000)
Event: 2.568 GC heap after
Heap after GC invocations=1 (full 0):
 PSYoungGen      total 153600K, used 17054K [0x00000000e0000000, 0x00000000eab00000, 0x0000000100000000)
  eden space 132096K, 0% used [0x00000000e0000000,0x00000000e0000000,0x00000000e8100000)
  from space 21504K, 79% used [0x00000000e8100000,0x00000000e91a7930,0x00000000e9600000)
  to   space 21504K, 0% used [0x00000000e9600000,0x00000000e9600000,0x00000000eab00000)
 ParOldGen       total 349696K, used 8K [0x00000000a0000000, 0x00000000b5580000, 0x00000000e0000000)
  object space 349696K, 0% used [0x00000000a0000000,0x00000000a0002000,0x00000000b5580000)
 PSPermGen       total 22528K, used 22190K [0x0000000080000000, 0x0000000081600000, 0x00000000a0000000)
  object space 22528K, 98% used [0x0000000080000000,0x00000000815ab928,0x0000000081600000)
}
Event: 4.359 GC heap before
{Heap before GC invocations=2 (full 0):
 PSYoungGen      total 153600K, used 149150K [0x00000000e0000000, 0x00000000eab00000, 0x0000000100000000)
  eden space 132096K, 100% used [0x00000000e0000000,0x00000000e8100000,0x00000000e8100000)
  from space 21504K, 79% used [0x00000000e8100000,0x00000000e91a7930,0x00000000e9600000)
  to   space 21504K, 0% used [0x00000000e9600000,0x00000000e9600000,0x00000000eab00000)
 ParOldGen       total 349696K, used 8K [0x00000000a0000000, 0x00000000b5580000, 0x00000000e0000000)
  object space 349696K, 0% used [0x00000000a0000000,0x00000000a0002000,0x00000000b5580000)
 PSPermGen       total 28160K, used 27848K [0x0000000080000000, 0x0000000081b80000, 0x00000000a0000000)
  object space 28160K, 98% used [0x0000000080000000,0x0000000081b323b8,0x0000000081b80000)
Event: 4.376 GC heap after
Heap after GC invocations=2 (full 0):
 PSYoungGen      total 153600K, used 11127K [0x00000000e0000000, 0x00000000eab00000, 0x0000000100000000)
  eden space 132096K, 0% used [0x00000000e0000000,0x00000000e0000000,0x00000000e8100000)
  from space 21504K, 51% used [0x00000000e9600000,0x00000000ea0ddec0,0x00000000eab00000)
  to   space 21504K, 0% used [0x00000000e8100000,0x00000000e8100000,0x00000000e9600000)
 ParOldGen       total 349696K, used 8K [0x00000000a0000000, 0x00000000b5580000, 0x00000000e0000000)
  object space 349696K, 0% used [0x00000000a0000000,0x00000000a0002000,0x00000000b5580000)
 PSPermGen       total 28160K, used 27848K [0x0000000080000000, 0x0000000081b80000, 0x00000000a0000000)
  object space 28160K, 98% used [0x0000000080000000,0x0000000081b323b8,0x0000000081b80000)
}
Event: 12.795 GC heap before
{Heap before GC invocations=3 (full 0):
 PSYoungGen      total 153600K, used 143223K [0x00000000e0000000, 0x00000000eab00000, 0x0000000100000000)
  eden space 132096K, 100% used [0x00000000e0000000,0x00000000e8100000,0x00000000e8100000)
  from space 21504K, 51% used [0x00000000e9600000,0x00000000ea0ddec0,0x00000000eab00000)
  to   space 21504K, 0% used [0x00000000e8100000,0x00000000e8100000,0x00000000e9600000)
 ParOldGen       total 349696K, used 8K [0x00000000a0000000, 0x00000000b5580000, 0x00000000e0000000)
  object space 349696K, 0% used [0x00000000a0000000,0x00000000a0002000,0x00000000b5580000)
 PSPermGen       total 41472K, used 41286K [0x0000000080000000, 0x0000000082880000, 0x00000000a0000000)
  object space 41472K, 99% used [0x0000000080000000,0x00000000828519f0,0x0000000082880000)
Event: 12.819 GC heap after
Heap after GC invocations=3 (full 0):
 PSYoungGen      total 153600K, used 21493K [0x00000000e0000000, 0x00000000eab00000, 0x0000000100000000)
  eden space 132096K, 0% used [0x00000000e0000000,0x00000000e0000000,0x00000000e8100000)
  from space 21504K, 99% used [0x00000000e8100000,0x00000000e95fd740,0x00000000e9600000)
  to   space 21504K, 0% used [0x00000000e9600000,0x00000000e9600000,0x00000000eab00000)
 ParOldGen       total 349696K, used 3883K [0x00000000a0000000, 0x00000000b5580000, 0x00000000e0000000)
  object space 349696K, 1% used [0x00000000a0000000,0x00000000a03cad60,0x00000000b5580000)
 PSPermGen       total 41472K, used 41286K [0x0000000080000000, 0x0000000082880000, 0x00000000a0000000)
  object space 41472K, 99% used [0x0000000080000000,0x00000000828519f0,0x0000000082880000)
}
Event: 16.134 GC heap before
{Heap before GC invocations=4 (full 0):
 PSYoungGen      total 153600K, used 153589K [0x00000000e0000000, 0x00000000eab00000, 0x0000000100000000)
  eden space 132096K, 100% used [0x00000000e0000000,0x00000000e8100000,0x00000000e8100000)
  from space 21504K, 99% used [0x00000000e8100000,0x00000000e95fd740,0x00000000e9600000)
  to   space 21504K, 0% used [0x00000000e9600000,0x00000000e9600000,0x00000000eab00000)
 ParOldGen       total 349696K, used 3883K [0x00000000a0000000, 0x00000000b5580000, 0x00000000e0000000)
  object space 349696K, 1% used [0x00000000a0000000,0x00000000a03cad60,0x00000000b5580000)
 PSPermGen       total 59904K, used 59455K [0x0000000080000000, 0x0000000083a80000, 0x00000000a0000000)
  object space 59904K, 99% used [0x0000000080000000,0x0000000083a0fe98,0x0000000083a80000)
Event: 16.166 GC heap after
Heap after GC invocations=4 (full 0):
 PSYoungGen      total 153600K, used 21476K [0x00000000e0000000, 0x00000000eab00000, 0x0000000100000000)
  eden space 132096K, 0% used [0x00000000e0000000,0x00000000e0000000,0x00000000e8100000)
  from space 21504K, 99% used [0x00000000e9600000,0x00000000eaaf9390,0x00000000eab00000)
  to   space 21504K, 0% used [0x00000000e8100000,0x00000000e8100000,0x00000000e9600000)
 ParOldGen       total 349696K, used 14285K [0x00000000a0000000, 0x00000000b5580000, 0x00000000e0000000)
  object space 349696K, 4% used [0x00000000a0000000,0x00000000a0df36e0,0x00000000b5580000)
 PSPermGen       total 59904K, used 59455K [0x0000000080000000, 0x0000000083a80000, 0x00000000a0000000)
  object space 59904K, 99% used [0x0000000080000000,0x0000000083a0fe98,0x0000000083a80000)
}

