# JRE version: 7.0_25-b30
# Java VM: OpenJDK 64-Bit Server VM (23.7-b01 mixed mode linux-amd64 compressed oops)
Heap
 PSYoungGen      total 152896K, used 61946K [0x00000000e0000000, 0x00000000eaaa0000, 0x0000000100000000)
  eden space 131072K, 30% used [0x00000000e0000000,0x00000000e2733ab0,0x00000000e8000000)
  from space 21824K, 99% used [0x00000000e9550000,0x00000000eaa9afe8,0x00000000eaaa0000)
  to   space 21824K, 0% used [0x00000000e8000000,0x00000000e8000000,0x00000000e9550000)
 ParOldGen       total 349568K, used 7993K [0x00000000a0000000, 0x00000000b5560000, 0x00000000e0000000)
  object space 349568K, 2% used [0x00000000a0000000,0x00000000a07ce4f0,0x00000000b5560000)
 PSPermGen       total 63104K, used 63067K [0x0000000080000000, 0x0000000083da0000, 0x00000000a0000000)
  object space 63104K, 99% used [0x0000000080000000,0x0000000083d96d90,0x0000000083da0000)
GC Heap History (8 events):
Event: 2.458 GC heap before
{Heap before GC invocations=1 (full 0):
 PSYoungGen      total 152896K, used 131072K [0x00000000e0000000, 0x00000000eaaa0000, 0x0000000100000000)
  eden space 131072K, 100% used [0x00000000e0000000,0x00000000e8000000,0x00000000e8000000)
  from space 21824K, 0% used [0x00000000e9550000,0x00000000e9550000,0x00000000eaaa0000)
  to   space 21824K, 0% used [0x00000000e8000000,0x00000000e8000000,0x00000000e9550000)
 ParOldGen       total 349568K, used 0K [0x00000000a0000000, 0x00000000b5560000, 0x00000000e0000000)
  object space 349568K, 0% used [0x00000000a0000000,0x00000000a0000000,0x00000000b5560000)
 PSPermGen       total 22784K, used 22729K [0x0000000080000000, 0x0000000081640000, 0x00000000a0000000)
  object space 22784K, 99% used [0x0000000080000000,0x0000000081632760,0x0000000081640000)
Event: 2.481 GC heap after
Heap after GC invocations=1 (full 0):
 PSYoungGen      total 152896K, used 16958K [0x00000000e0000000, 0x00000000eaaa0000, 0x0000000100000000)
  eden space 131072K, 0% used [0x00000000e0000000,0x00000000e0000000,0x00000000e8000000)
  from space 21824K, 77% used [0x00000000e8000000,0x00000000e908f8c0,0x00000000e9550000)
  to   space 21824K, 0% used [0x00000000e9550000,0x00000000e9550000,0x00000000eaaa0000)
 ParOldGen       total 349568K, used 8K [0x00000000a0000000, 0x00000000b5560000, 0x00000000e0000000)
  object space 349568K, 0% used [0x00000000a0000000,0x00000000a0002000,0x00000000b5560000)
 PSPermGen       total 22784K, used 22729K [0x0000000080000000, 0x0000000081640000, 0x00000000a0000000)
  object space 22784K, 99% used [0x0000000080000000,0x0000000081632760,0x0000000081640000)
}
Event: 5.247 GC heap before
{Heap before GC invocations=2 (full 0):
 PSYoungGen      total 152896K, used 148030K [0x00000000e0000000, 0x00000000eaaa0000, 0x0000000100000000)
  eden space 131072K, 100% used [0x00000000e0000000,0x00000000e8000000,0x00000000e8000000)
  from space 21824K, 77% used [0x00000000e8000000,0x00000000e908f8c0,0x00000000e9550000)
  to   space 21824K, 0% used [0x00000000e9550000,0x00000000e9550000,0x00000000eaaa0000)
 ParOldGen       total 349568K, used 8K [0x00000000a0000000, 0x00000000b5560000, 0x00000000e0000000)
  object space 349568K, 0% used [0x00000000a0000000,0x00000000a0002000,0x00000000b5560000)
 PSPermGen       total 29504K, used 29343K [0x0000000080000000, 0x0000000081cd0000, 0x00000000a0000000)
  object space 29504K, 99% used [0x0000000080000000,0x0000000081ca7f88,0x0000000081cd0000)
Event: 5.260 GC heap after
Heap after GC invocations=2 (full 0):
 PSYoungGen      total 152896K, used 11405K [0x00000000e0000000, 0x00000000eaaa0000, 0x0000000100000000)
  eden space 131072K, 0% used [0x00000000e0000000,0x00000000e0000000,0x00000000e8000000)
  from space 21824K, 52% used [0x00000000e9550000,0x00000000ea073588,0x00000000eaaa0000)
  to   space 21824K, 0% used [0x00000000e8000000,0x00000000e8000000,0x00000000e9550000)
 ParOldGen       total 349568K, used 16K [0x00000000a0000000, 0x00000000b5560000, 0x00000000e0000000)
  object space 349568K, 0% used [0x00000000a0000000,0x00000000a0004000,0x00000000b5560000)
 PSPermGen       total 29504K, used 29343K [0x0000000080000000, 0x0000000081cd0000, 0x00000000a0000000)
  object space 29504K, 99% used [0x0000000080000000,0x0000000081ca7f88,0x0000000081cd0000)
}
Event: 9.726 GC heap before
{Heap before GC invocations=3 (full 0):
 PSYoungGen      total 152896K, used 142477K [0x00000000e0000000, 0x00000000eaaa0000, 0x0000000100000000)
  eden space 131072K, 100% used [0x00000000e0000000,0x00000000e8000000,0x00000000e8000000)
  from space 21824K, 52% used [0x00000000e9550000,0x00000000ea073588,0x00000000eaaa0000)
  to   space 21824K, 0% used [0x00000000e8000000,0x00000000e8000000,0x00000000e9550000)
 ParOldGen       total 349568K, used 16K [0x00000000a0000000, 0x00000000b5560000, 0x00000000e0000000)
  object space 349568K, 0% used [0x00000000a0000000,0x00000000a0004000,0x00000000b5560000)
 PSPermGen       total 42944K, used 42937K [0x0000000080000000, 0x00000000829f0000, 0x00000000a0000000)
  object space 42944K, 99% used [0x0000000080000000,0x00000000829ee540,0x00000000829f0000)
Event: 9.750 GC heap after
Heap after GC invocations=3 (full 0):
 PSYoungGen      total 152896K, used 21799K [0x00000000e0000000, 0x00000000eaaa0000, 0x0000000100000000)
  eden space 131072K, 0% used [0x00000000e0000000,0x00000000e0000000,0x00000000e8000000)
  from space 21824K, 99% used [0x00000000e8000000,0x00000000e9549df0,0x00000000e9550000)
  to   space 21824K, 0% used [0x00000000e9550000,0x00000000e9550000,0x00000000eaaa0000)
 ParOldGen       total 349568K, used 1231K [0x00000000a0000000, 0x00000000b5560000, 0x00000000e0000000)
  object space 349568K, 0% used [0x00000000a0000000,0x00000000a0133f20,0x00000000b5560000)
 PSPermGen       total 42944K, used 42937K [0x0000000080000000, 0x00000000829f0000, 0x00000000a0000000)
  object space 42944K, 99% used [0x0000000080000000,0x00000000829ee540,0x00000000829f0000)
}
Event: 13.907 GC heap before
{Heap before GC invocations=4 (full 0):
 PSYoungGen      total 152896K, used 152871K [0x00000000e0000000, 0x00000000eaaa0000, 0x0000000100000000)
  eden space 131072K, 100% used [0x00000000e0000000,0x00000000e8000000,0x00000000e8000000)
  from space 21824K, 99% used [0x00000000e8000000,0x00000000e9549df0,0x00000000e9550000)
  to   space 21824K, 0% used [0x00000000e9550000,0x00000000e9550000,0x00000000eaaa0000)
 ParOldGen       total 349568K, used 1231K [0x00000000a0000000, 0x00000000b5560000, 0x00000000e0000000)
  object space 349568K, 0% used [0x00000000a0000000,0x00000000a0133f20,0x00000000b5560000)
 PSPermGen       total 56192K, used 56161K [0x0000000080000000, 0x00000000836e0000, 0x00000000a0000000)
  object space 56192K, 99% used [0x0000000080000000,0x00000000836d8608,0x00000000836e0000)
Event: 13.948 GC heap after
Heap after GC invocations=4 (full 0):
 PSYoungGen      total 152896K, used 21803K [0x00000000e0000000, 0x00000000eaaa0000, 0x0000000100000000)
  eden space 131072K, 0% used [0x00000000e0000000,0x00000000e0000000,0x00000000e8000000)
  from space 21824K, 99% used [0x00000000e9550000,0x00000000eaa9afe8,0x00000000eaaa0000)
  to   space 21824K, 0% used [0x00000000e8000000,0x00000000e8000000,0x00000000e9550000)
 ParOldGen       total 349568K, used 7993K [0x00000000a0000000, 0x00000000b5560000, 0x00000000e0000000)
  object space 349568K, 2% used [0x00000000a0000000,0x00000000a07ce4f0,0x00000000b5560000)
 PSPermGen       total 56192K, used 56161K [0x0000000080000000, 0x00000000836e0000, 0x00000000a0000000)
  object space 56192K, 99% used [0x0000000080000000,0x00000000836d8608,0x00000000836e0000)
}

