# JRE version: OpenJDK Runtime Environment (7.0_51) (build 1.7.0_51-b00)
# Java VM: OpenJDK 64-Bit Server VM (24.45-b08 mixed mode linux-amd64 compressed oops)
Heap
 PSYoungGen      total 153600K, used 49646K [0x00000000e0000000, 0x00000000eab00000, 0x0000000100000000)
  eden space 132096K, 21% used [0x00000000e0000000,0x00000000e1b7ec50,0x00000000e8100000)
  from space 21504K, 99% used [0x00000000e9600000,0x00000000eaafcce8,0x00000000eab00000)
  to   space 21504K, 0% used [0x00000000e8100000,0x00000000e8100000,0x00000000e9600000)
 ParOldGen       total 349696K, used 13906K [0x00000000a0000000, 0x00000000b5580000, 0x00000000e0000000)
  object space 349696K, 3% used [0x00000000a0000000,0x00000000a0d94a40,0x00000000b5580000)
 PSPermGen       total 61440K, used 60939K [0x0000000080000000, 0x0000000083c00000, 0x00000000a0000000)
  object space 61440K, 99% used [0x0000000080000000,0x0000000083b82e68,0x0000000083c00000)
GC Heap History (8 events):
Event: 4.819 GC heap before
{Heap before GC invocations=1 (full 0):
 PSYoungGen      total 153600K, used 132096K [0x00000000e0000000, 0x00000000eab00000, 0x0000000100000000)
  eden space 132096K, 100% used [0x00000000e0000000,0x00000000e8100000,0x00000000e8100000)
  from space 21504K, 0% used [0x00000000e9600000,0x00000000e9600000,0x00000000eab00000)
  to   space 21504K, 0% used [0x00000000e8100000,0x00000000e8100000,0x00000000e9600000)
 ParOldGen       total 349696K, used 0K [0x00000000a0000000, 0x00000000b5580000, 0x00000000e0000000)
  object space 349696K, 0% used [0x00000000a0000000,0x00000000a0000000,0x00000000b5580000)
 PSPermGen       total 22528K, used 22221K [0x0000000080000000, 0x0000000081600000, 0x00000000a0000000)
  object space 22528K, 98% used [0x0000000080000000,0x00000000815b3508,0x0000000081600000)
Event: 4.840 GC heap after
Heap after GC invocations=1 (full 0):
 PSYoungGen      total 153600K, used 17087K [0x00000000e0000000, 0x00000000eab00000, 0x0000000100000000)
  eden space 132096K, 0% used [0x00000000e0000000,0x00000000e0000000,0x00000000e8100000)
  from space 21504K, 79% used [0x00000000e8100000,0x00000000e91affa0,0x00000000e9600000)
  to   space 21504K, 0% used [0x00000000e9600000,0x00000000e9600000,0x00000000eab00000)
 ParOldGen       total 349696K, used 8K [0x00000000a0000000, 0x00000000b5580000, 0x00000000e0000000)
  object space 349696K, 0% used [0x00000000a0000000,0x00000000a0002000,0x00000000b5580000)
 PSPermGen       total 22528K, used 22221K [0x0000000080000000, 0x0000000081600000, 0x00000000a0000000)
  object space 22528K, 98% used [0x0000000080000000,0x00000000815b3508,0x0000000081600000)
}
Event: 8.639 GC heap before
{Heap before GC invocations=2 (full 0):
 PSYoungGen      total 153600K, used 149183K [0x00000000e0000000, 0x00000000eab00000, 0x0000000100000000)
  eden space 132096K, 100% used [0x00000000e0000000,0x00000000e8100000,0x00000000e8100000)
  from space 21504K, 79% used [0x00000000e8100000,0x00000000e91affa0,0x00000000e9600000)
  to   space 21504K, 0% used [0x00000000e9600000,0x00000000e9600000,0x00000000eab00000)
 ParOldGen       total 349696K, used 8K [0x00000000a0000000, 0x00000000b5580000, 0x00000000e0000000)
  object space 349696K, 0% used [0x00000000a0000000,0x00000000a0002000,0x00000000b5580000)
 PSPermGen       total 28672K, used 28394K [0x0000000080000000, 0x0000000081c00000, 0x00000000a0000000)
  object space 28672K, 99% used [0x0000000080000000,0x0000000081bbabb8,0x0000000081c00000)
Event: 8.654 GC heap after
Heap after GC invocations=2 (full 0):
 PSYoungGen      total 153600K, used 11264K [0x00000000e0000000, 0x00000000eab00000, 0x0000000100000000)
  eden space 132096K, 0% used [0x00000000e0000000,0x00000000e0000000,0x00000000e8100000)
  from space 21504K, 52% used [0x00000000e9600000,0x00000000ea100370,0x00000000eab00000)
  to   space 21504K, 0% used [0x00000000e8100000,0x00000000e8100000,0x00000000e9600000)
 ParOldGen       total 349696K, used 8K [0x00000000a0000000, 0x00000000b5580000, 0x00000000e0000000)
  object space 349696K, 0% used [0x00000000a0000000,0x00000000a0002000,0x00000000b5580000)
 PSPermGen       total 28672K, used 28394K [0x0000000080000000, 0x0000000081c00000, 0x00000000a0000000)
  object space 28672K, 99% used [0x0000000080000000,0x0000000081bbabb8,0x0000000081c00000)
}
Event: 21.641 GC heap before
{Heap before GC invocations=3 (full 0):
 PSYoungGen      total 153600K, used 143360K [0x00000000e0000000, 0x00000000eab00000, 0x0000000100000000)
  eden space 132096K, 100% used [0x00000000e0000000,0x00000000e8100000,0x00000000e8100000)
  from space 21504K, 52% used [0x00000000e9600000,0x00000000ea100370,0x00000000eab00000)
  to   space 21504K, 0% used [0x00000000e8100000,0x00000000e8100000,0x00000000e9600000)
 ParOldGen       total 349696K, used 8K [0x00000000a0000000, 0x00000000b5580000, 0x00000000e0000000)
  object space 349696K, 0% used [0x00000000a0000000,0x00000000a0002000,0x00000000b5580000)
 PSPermGen       total 41472K, used 41468K [0x0000000080000000, 0x0000000082880000, 0x00000000a0000000)
  object space 41472K, 99% used [0x0000000080000000,0x000000008287f320,0x0000000082880000)
Event: 21.666 GC heap after
Heap after GC invocations=3 (full 0):
 PSYoungGen      total 153600K, used 21493K [0x00000000e0000000, 0x00000000eab00000, 0x0000000100000000)
  eden space 132096K, 0% used [0x00000000e0000000,0x00000000e0000000,0x00000000e8100000)
  from space 21504K, 99% used [0x00000000e8100000,0x00000000e95fd710,0x00000000e9600000)
  to   space 21504K, 0% used [0x00000000e9600000,0x00000000e9600000,0x00000000eab00000)
 ParOldGen       total 349696K, used 3243K [0x00000000a0000000, 0x00000000b5580000, 0x00000000e0000000)
  object space 349696K, 0% used [0x00000000a0000000,0x00000000a032afd0,0x00000000b5580000)
 PSPermGen       total 41472K, used 41468K [0x0000000080000000, 0x0000000082880000, 0x00000000a0000000)
  object space 41472K, 99% used [0x0000000080000000,0x000000008287f320,0x0000000082880000)
}
Event: 26.757 GC heap before
{Heap before GC invocations=4 (full 0):
 PSYoungGen      total 153600K, used 153589K [0x00000000e0000000, 0x00000000eab00000, 0x0000000100000000)
  eden space 132096K, 100% used [0x00000000e0000000,0x00000000e8100000,0x00000000e8100000)
  from space 21504K, 99% used [0x00000000e8100000,0x00000000e95fd710,0x00000000e9600000)
  to   space 21504K, 0% used [0x00000000e9600000,0x00000000e9600000,0x00000000eab00000)
 ParOldGen       total 349696K, used 3243K [0x00000000a0000000, 0x00000000b5580000, 0x00000000e0000000)
  object space 349696K, 0% used [0x00000000a0000000,0x00000000a032afd0,0x00000000b5580000)
 PSPermGen       total 59392K, used 59057K [0x0000000080000000, 0x0000000083a00000, 0x00000000a0000000)
  object space 59392K, 99% used [0x0000000080000000,0x00000000839ac770,0x0000000083a00000)
Event: 26.790 GC heap after
Heap after GC invocations=4 (full 0):
 PSYoungGen      total 153600K, used 21491K [0x00000000e0000000, 0x00000000eab00000, 0x0000000100000000)
  eden space 132096K, 0% used [0x00000000e0000000,0x00000000e0000000,0x00000000e8100000)
  from space 21504K, 99% used [0x00000000e9600000,0x00000000eaafcce8,0x00000000eab00000)
  to   space 21504K, 0% used [0x00000000e8100000,0x00000000e8100000,0x00000000e9600000)
 ParOldGen       total 349696K, used 13906K [0x00000000a0000000, 0x00000000b5580000, 0x00000000e0000000)
  object space 349696K, 3% used [0x00000000a0000000,0x00000000a0d94a40,0x00000000b5580000)
 PSPermGen       total 59392K, used 59057K [0x0000000080000000, 0x0000000083a00000, 0x00000000a0000000)
  object space 59392K, 99% used [0x0000000080000000,0x00000000839ac770,0x0000000083a00000)
}

