# JRE version: OpenJDK Runtime Environment (7.0_51) (build 1.7.0_51-b00)
# Java VM: OpenJDK 64-Bit Server VM (24.45-b08 mixed mode linux-amd64 compressed oops)
Heap
 PSYoungGen      total 274944K, used 61454K [0x00000000e0000000, 0x00000000f2180000, 0x0000000100000000)
  eden space 253440K, 15% used [0x00000000e0000000,0x00000000e2708ce0,0x00000000ef780000)
  from space 21504K, 99% used [0x00000000ef780000,0x00000000f0c7aef0,0x00000000f0c80000)
  to   space 21504K, 0% used [0x00000000f0c80000,0x00000000f0c80000,0x00000000f2180000)
 ParOldGen       total 349696K, used 13334K [0x00000000a0000000, 0x00000000b5580000, 0x00000000e0000000)
  object space 349696K, 3% used [0x00000000a0000000,0x00000000a0d05a40,0x00000000b5580000)
 PSPermGen       total 57856K, used 57451K [0x0000000080000000, 0x0000000083880000, 0x00000000a0000000)
  object space 57856K, 99% used [0x0000000080000000,0x000000008381acd8,0x0000000083880000)
GC Heap History (6 events):
Event: 2.615 GC heap before
{Heap before GC invocations=1 (full 0):
 PSYoungGen      total 153600K, used 132096K [0x00000000e0000000, 0x00000000eab00000, 0x0000000100000000)
  eden space 132096K, 100% used [0x00000000e0000000,0x00000000e8100000,0x00000000e8100000)
  from space 21504K, 0% used [0x00000000e9600000,0x00000000e9600000,0x00000000eab00000)
  to   space 21504K, 0% used [0x00000000e8100000,0x00000000e8100000,0x00000000e9600000)
 ParOldGen       total 349696K, used 0K [0x00000000a0000000, 0x00000000b5580000, 0x00000000e0000000)
  object space 349696K, 0% used [0x00000000a0000000,0x00000000a0000000,0x00000000b5580000)
 PSPermGen       total 22528K, used 22221K [0x0000000080000000, 0x0000000081600000, 0x00000000a0000000)
  object space 22528K, 98% used [0x0000000080000000,0x00000000815b3458,0x0000000081600000)
Event: 2.644 GC heap after
Heap after GC invocations=1 (full 0):
 PSYoungGen      total 153600K, used 17038K [0x00000000e0000000, 0x00000000f2c00000, 0x0000000100000000)
  eden space 132096K, 0% used [0x00000000e0000000,0x00000000e0000000,0x00000000e8100000)
  from space 21504K, 79% used [0x00000000e8100000,0x00000000e91a38b0,0x00000000e9600000)
  to   space 21504K, 0% used [0x00000000f1700000,0x00000000f1700000,0x00000000f2c00000)
 ParOldGen       total 349696K, used 8K [0x00000000a0000000, 0x00000000b5580000, 0x00000000e0000000)
  object space 349696K, 0% used [0x00000000a0000000,0x00000000a0002000,0x00000000b5580000)
 PSPermGen       total 22528K, used 22221K [0x0000000080000000, 0x0000000081600000, 0x00000000a0000000)
  object space 22528K, 98% used [0x0000000080000000,0x00000000815b3458,0x0000000081600000)
}
Event: 4.517 GC heap before
{Heap before GC invocations=2 (full 0):
 PSYoungGen      total 153600K, used 149134K [0x00000000e0000000, 0x00000000f2c00000, 0x0000000100000000)
  eden space 132096K, 100% used [0x00000000e0000000,0x00000000e8100000,0x00000000e8100000)
  from space 21504K, 79% used [0x00000000e8100000,0x00000000e91a38b0,0x00000000e9600000)
  to   space 21504K, 0% used [0x00000000f1700000,0x00000000f1700000,0x00000000f2c00000)
 ParOldGen       total 349696K, used 8K [0x00000000a0000000, 0x00000000b5580000, 0x00000000e0000000)
  object space 349696K, 0% used [0x00000000a0000000,0x00000000a0002000,0x00000000b5580000)
 PSPermGen       total 28160K, used 27834K [0x0000000080000000, 0x0000000081b80000, 0x00000000a0000000)
  object space 28160K, 98% used [0x0000000080000000,0x0000000081b2ea68,0x0000000081b80000)
Event: 4.531 GC heap after
Heap after GC invocations=2 (full 0):
 PSYoungGen      total 264192K, used 10690K [0x00000000e0000000, 0x00000000f2180000, 0x0000000100000000)
  eden space 253440K, 0% used [0x00000000e0000000,0x00000000e0000000,0x00000000ef780000)
  from space 10752K, 99% used [0x00000000f1700000,0x00000000f2170b98,0x00000000f2180000)
  to   space 21504K, 0% used [0x00000000ef780000,0x00000000ef780000,0x00000000f0c80000)
 ParOldGen       total 349696K, used 8K [0x00000000a0000000, 0x00000000b5580000, 0x00000000e0000000)
  object space 349696K, 0% used [0x00000000a0000000,0x00000000a0002000,0x00000000b5580000)
 PSPermGen       total 28160K, used 27834K [0x0000000080000000, 0x0000000081b80000, 0x00000000a0000000)
  object space 28160K, 98% used [0x0000000080000000,0x0000000081b2ea68,0x0000000081b80000)
}
Event: 18.654 GC heap before
{Heap before GC invocations=3 (full 0):
 PSYoungGen      total 264192K, used 264130K [0x00000000e0000000, 0x00000000f2180000, 0x0000000100000000)
  eden space 253440K, 100% used [0x00000000e0000000,0x00000000ef780000,0x00000000ef780000)
  from space 10752K, 99% used [0x00000000f1700000,0x00000000f2170b98,0x00000000f2180000)
  to   space 21504K, 0% used [0x00000000ef780000,0x00000000ef780000,0x00000000f0c80000)
 ParOldGen       total 349696K, used 8K [0x00000000a0000000, 0x00000000b5580000, 0x00000000e0000000)
  object space 349696K, 0% used [0x00000000a0000000,0x00000000a0002000,0x00000000b5580000)
 PSPermGen       total 52224K, used 52190K [0x0000000080000000, 0x0000000083300000, 0x00000000a0000000)
  object space 52224K, 99% used [0x0000000080000000,0x00000000832f78c8,0x0000000083300000)
Event: 18.692 GC heap after
Heap after GC invocations=3 (full 0):
 PSYoungGen      total 274944K, used 21483K [0x00000000e0000000, 0x00000000f2180000, 0x0000000100000000)
  eden space 253440K, 0% used [0x00000000e0000000,0x00000000e0000000,0x00000000ef780000)
  from space 21504K, 99% used [0x00000000ef780000,0x00000000f0c7aef0,0x00000000f0c80000)
  to   space 21504K, 0% used [0x00000000f0c80000,0x00000000f0c80000,0x00000000f2180000)
 ParOldGen       total 349696K, used 13334K [0x00000000a0000000, 0x00000000b5580000, 0x00000000e0000000)
  object space 349696K, 3% used [0x00000000a0000000,0x00000000a0d05a40,0x00000000b5580000)
 PSPermGen       total 52224K, used 52190K [0x0000000080000000, 0x0000000083300000, 0x00000000a0000000)
  object space 52224K, 99% used [0x0000000080000000,0x00000000832f78c8,0x0000000083300000)
}

