# JRE version: OpenJDK Runtime Environment (7.0_51) (build 1.7.0_51-b00)
# Java VM: OpenJDK 64-Bit Server VM (24.45-b08 mixed mode linux-amd64 compressed oops)
Heap
 PSYoungGen      total 153600K, used 137609K [0x00000000e0000000, 0x00000000eab00000, 0x0000000100000000)
  eden space 132096K, 87% used [0x00000000e0000000,0x00000000e7166ee8,0x00000000e8100000)
  from space 21504K, 99% used [0x00000000e8100000,0x00000000e95fb540,0x00000000e9600000)
  to   space 21504K, 0% used [0x00000000e9600000,0x00000000e9600000,0x00000000eab00000)
 ParOldGen       total 349696K, used 4010K [0x00000000a0000000, 0x00000000b5580000, 0x00000000e0000000)
  object space 349696K, 1% used [0x00000000a0000000,0x00000000a03ea980,0x00000000b5580000)
 PSPermGen       total 57344K, used 57184K [0x0000000080000000, 0x0000000083800000, 0x00000000a0000000)
  object space 57344K, 99% used [0x0000000080000000,0x00000000837d8070,0x0000000083800000)
GC Heap History (6 events):
Event: 2.479 GC heap before
{Heap before GC invocations=1 (full 0):
 PSYoungGen      total 153600K, used 132096K [0x00000000e0000000, 0x00000000eab00000, 0x0000000100000000)
  eden space 132096K, 100% used [0x00000000e0000000,0x00000000e8100000,0x00000000e8100000)
  from space 21504K, 0% used [0x00000000e9600000,0x00000000e9600000,0x00000000eab00000)
  to   space 21504K, 0% used [0x00000000e8100000,0x00000000e8100000,0x00000000e9600000)
 ParOldGen       total 349696K, used 0K [0x00000000a0000000, 0x00000000b5580000, 0x00000000e0000000)
  object space 349696K, 0% used [0x00000000a0000000,0x00000000a0000000,0x00000000b5580000)
 PSPermGen       total 22528K, used 22221K [0x0000000080000000, 0x0000000081600000, 0x00000000a0000000)
  object space 22528K, 98% used [0x0000000080000000,0x00000000815b34a8,0x0000000081600000)
Event: 2.500 GC heap after
Heap after GC invocations=1 (full 0):
 PSYoungGen      total 153600K, used 17018K [0x00000000e0000000, 0x00000000eab00000, 0x0000000100000000)
  eden space 132096K, 0% used [0x00000000e0000000,0x00000000e0000000,0x00000000e8100000)
  from space 21504K, 79% used [0x00000000e8100000,0x00000000e919eb60,0x00000000e9600000)
  to   space 21504K, 0% used [0x00000000e9600000,0x00000000e9600000,0x00000000eab00000)
 ParOldGen       total 349696K, used 8K [0x00000000a0000000, 0x00000000b5580000, 0x00000000e0000000)
  object space 349696K, 0% used [0x00000000a0000000,0x00000000a0002000,0x00000000b5580000)
 PSPermGen       total 22528K, used 22221K [0x0000000080000000, 0x0000000081600000, 0x00000000a0000000)
  object space 22528K, 98% used [0x0000000080000000,0x00000000815b34a8,0x0000000081600000)
}
Event: 4.176 GC heap before
{Heap before GC invocations=2 (full 0):
 PSYoungGen      total 153600K, used 149114K [0x00000000e0000000, 0x00000000eab00000, 0x0000000100000000)
  eden space 132096K, 100% used [0x00000000e0000000,0x00000000e8100000,0x00000000e8100000)
  from space 21504K, 79% used [0x00000000e8100000,0x00000000e919eb60,0x00000000e9600000)
  to   space 21504K, 0% used [0x00000000e9600000,0x00000000e9600000,0x00000000eab00000)
 ParOldGen       total 349696K, used 8K [0x00000000a0000000, 0x00000000b5580000, 0x00000000e0000000)
  object space 349696K, 0% used [0x00000000a0000000,0x00000000a0002000,0x00000000b5580000)
 PSPermGen       total 28160K, used 27834K [0x0000000080000000, 0x0000000081b80000, 0x00000000a0000000)
  object space 28160K, 98% used [0x0000000080000000,0x0000000081b2ebb0,0x0000000081b80000)
Event: 4.196 GC heap after
Heap after GC invocations=2 (full 0):
 PSYoungGen      total 153600K, used 10599K [0x00000000e0000000, 0x00000000f2c00000, 0x0000000100000000)
  eden space 132096K, 0% used [0x00000000e0000000,0x00000000e0000000,0x00000000e8100000)
  from space 21504K, 49% used [0x00000000e9600000,0x00000000ea059cd0,0x00000000eab00000)
  to   space 21504K, 0% used [0x00000000e8100000,0x00000000e8100000,0x00000000e9600000)
 ParOldGen       total 349696K, used 8K [0x00000000a0000000, 0x00000000b5580000, 0x00000000e0000000)
  object space 349696K, 0% used [0x00000000a0000000,0x00000000a0002000,0x00000000b5580000)
 PSPermGen       total 28160K, used 27834K [0x0000000080000000, 0x0000000081b80000, 0x00000000a0000000)
  object space 28160K, 98% used [0x0000000080000000,0x0000000081b2ebb0,0x0000000081b80000)
}
Event: 19.264 GC heap before
{Heap before GC invocations=3 (full 0):
 PSYoungGen      total 153600K, used 142695K [0x00000000e0000000, 0x00000000f2c00000, 0x0000000100000000)
  eden space 132096K, 100% used [0x00000000e0000000,0x00000000e8100000,0x00000000e8100000)
  from space 21504K, 49% used [0x00000000e9600000,0x00000000ea059cd0,0x00000000eab00000)
  to   space 21504K, 0% used [0x00000000e8100000,0x00000000e8100000,0x00000000e9600000)
 ParOldGen       total 349696K, used 8K [0x00000000a0000000, 0x00000000b5580000, 0x00000000e0000000)
  object space 349696K, 0% used [0x00000000a0000000,0x00000000a0002000,0x00000000b5580000)
 PSPermGen       total 41472K, used 41291K [0x0000000080000000, 0x0000000082880000, 0x00000000a0000000)
  object space 41472K, 99% used [0x0000000080000000,0x0000000082852f28,0x0000000082880000)
Event: 19.290 GC heap after
Heap after GC invocations=3 (full 0):
 PSYoungGen      total 153600K, used 21485K [0x00000000e0000000, 0x00000000eab00000, 0x0000000100000000)
  eden space 132096K, 0% used [0x00000000e0000000,0x00000000e0000000,0x00000000e8100000)
  from space 21504K, 99% used [0x00000000e8100000,0x00000000e95fb540,0x00000000e9600000)
  to   space 21504K, 0% used [0x00000000e9600000,0x00000000e9600000,0x00000000eab00000)
 ParOldGen       total 349696K, used 4010K [0x00000000a0000000, 0x00000000b5580000, 0x00000000e0000000)
  object space 349696K, 1% used [0x00000000a0000000,0x00000000a03ea980,0x00000000b5580000)
 PSPermGen       total 41472K, used 41291K [0x0000000080000000, 0x0000000082880000, 0x00000000a0000000)
  object space 41472K, 99% used [0x0000000080000000,0x0000000082852f28,0x0000000082880000)
}

