# JRE version: OpenJDK Runtime Environment (7.0_51) (build 1.7.0_51-b00)
# Java VM: OpenJDK 64-Bit Server VM (24.45-b08 mixed mode linux-amd64 compressed oops)
Heap
 PSYoungGen      total 153600K, used 36453K [0x00000000e0000000, 0x00000000eab00000, 0x0000000100000000)
  eden space 132096K, 11% used [0x00000000e0000000,0x00000000e0e9a870,0x00000000e8100000)
  from space 21504K, 99% used [0x00000000e9600000,0x00000000eaafee30,0x00000000eab00000)
  to   space 21504K, 0% used [0x00000000e8100000,0x00000000e8100000,0x00000000e9600000)
 ParOldGen       total 349696K, used 13511K [0x00000000a0000000, 0x00000000b5580000, 0x00000000e0000000)
  object space 349696K, 3% used [0x00000000a0000000,0x00000000a0d31cf0,0x00000000b5580000)
 PSPermGen       total 60928K, used 60854K [0x0000000080000000, 0x0000000083b80000, 0x00000000a0000000)
  object space 60928K, 99% used [0x0000000080000000,0x0000000083b6db80,0x0000000083b80000)
GC Heap History (8 events):
Event: 4.813 GC heap before
{Heap before GC invocations=1 (full 0):
 PSYoungGen      total 153600K, used 132096K [0x00000000e0000000, 0x00000000eab00000, 0x0000000100000000)
  eden space 132096K, 100% used [0x00000000e0000000,0x00000000e8100000,0x00000000e8100000)
  from space 21504K, 0% used [0x00000000e9600000,0x00000000e9600000,0x00000000eab00000)
  to   space 21504K, 0% used [0x00000000e8100000,0x00000000e8100000,0x00000000e9600000)
 ParOldGen       total 349696K, used 0K [0x00000000a0000000, 0x00000000b5580000, 0x00000000e0000000)
  object space 349696K, 0% used [0x00000000a0000000,0x00000000a0000000,0x00000000b5580000)
 PSPermGen       total 22528K, used 22170K [0x0000000080000000, 0x0000000081600000, 0x00000000a0000000)
  object space 22528K, 98% used [0x0000000080000000,0x00000000815a6ae0,0x0000000081600000)
Event: 4.832 GC heap after
Heap after GC invocations=1 (full 0):
 PSYoungGen      total 153600K, used 17086K [0x00000000e0000000, 0x00000000eab00000, 0x0000000100000000)
  eden space 132096K, 0% used [0x00000000e0000000,0x00000000e0000000,0x00000000e8100000)
  from space 21504K, 79% used [0x00000000e8100000,0x00000000e91afbf8,0x00000000e9600000)
  to   space 21504K, 0% used [0x00000000e9600000,0x00000000e9600000,0x00000000eab00000)
 ParOldGen       total 349696K, used 8K [0x00000000a0000000, 0x00000000b5580000, 0x00000000e0000000)
  object space 349696K, 0% used [0x00000000a0000000,0x00000000a0002000,0x00000000b5580000)
 PSPermGen       total 22528K, used 22170K [0x0000000080000000, 0x0000000081600000, 0x00000000a0000000)
  object space 22528K, 98% used [0x0000000080000000,0x00000000815a6ae0,0x0000000081600000)
}
Event: 32.421 GC heap before
{Heap before GC invocations=2 (full 0):
 PSYoungGen      total 153600K, used 149182K [0x00000000e0000000, 0x00000000eab00000, 0x0000000100000000)
  eden space 132096K, 100% used [0x00000000e0000000,0x00000000e8100000,0x00000000e8100000)
  from space 21504K, 79% used [0x00000000e8100000,0x00000000e91afbf8,0x00000000e9600000)
  to   space 21504K, 0% used [0x00000000e9600000,0x00000000e9600000,0x00000000eab00000)
 ParOldGen       total 349696K, used 8K [0x00000000a0000000, 0x00000000b5580000, 0x00000000e0000000)
  object space 349696K, 0% used [0x00000000a0000000,0x00000000a0002000,0x00000000b5580000)
 PSPermGen       total 28672K, used 28397K [0x0000000080000000, 0x0000000081c00000, 0x00000000a0000000)
  object space 28672K, 99% used [0x0000000080000000,0x0000000081bbb4a8,0x0000000081c00000)
Event: 32.438 GC heap after
Heap after GC invocations=2 (full 0):
 PSYoungGen      total 153600K, used 11250K [0x00000000e0000000, 0x00000000eab00000, 0x0000000100000000)
  eden space 132096K, 0% used [0x00000000e0000000,0x00000000e0000000,0x00000000e8100000)
  from space 21504K, 52% used [0x00000000e9600000,0x00000000ea0fcbd8,0x00000000eab00000)
  to   space 21504K, 0% used [0x00000000e8100000,0x00000000e8100000,0x00000000e9600000)
 ParOldGen       total 349696K, used 16K [0x00000000a0000000, 0x00000000b5580000, 0x00000000e0000000)
  object space 349696K, 0% used [0x00000000a0000000,0x00000000a0004000,0x00000000b5580000)
 PSPermGen       total 28672K, used 28397K [0x0000000080000000, 0x0000000081c00000, 0x00000000a0000000)
  object space 28672K, 99% used [0x0000000080000000,0x0000000081bbb4a8,0x0000000081c00000)
}
Event: 89.786 GC heap before
{Heap before GC invocations=3 (full 0):
 PSYoungGen      total 153600K, used 143346K [0x00000000e0000000, 0x00000000eab00000, 0x0000000100000000)
  eden space 132096K, 100% used [0x00000000e0000000,0x00000000e8100000,0x00000000e8100000)
  from space 21504K, 52% used [0x00000000e9600000,0x00000000ea0fcbd8,0x00000000eab00000)
  to   space 21504K, 0% used [0x00000000e8100000,0x00000000e8100000,0x00000000e9600000)
 ParOldGen       total 349696K, used 16K [0x00000000a0000000, 0x00000000b5580000, 0x00000000e0000000)
  object space 349696K, 0% used [0x00000000a0000000,0x00000000a0004000,0x00000000b5580000)
 PSPermGen       total 41472K, used 41452K [0x0000000080000000, 0x0000000082880000, 0x00000000a0000000)
  object space 41472K, 99% used [0x0000000080000000,0x000000008287b050,0x0000000082880000)
Event: 89.808 GC heap after
Heap after GC invocations=3 (full 0):
 PSYoungGen      total 153600K, used 21489K [0x00000000e0000000, 0x00000000eab00000, 0x0000000100000000)
  eden space 132096K, 0% used [0x00000000e0000000,0x00000000e0000000,0x00000000e8100000)
  from space 21504K, 99% used [0x00000000e8100000,0x00000000e95fc400,0x00000000e9600000)
  to   space 21504K, 0% used [0x00000000e9600000,0x00000000e9600000,0x00000000eab00000)
 ParOldGen       total 349696K, used 3049K [0x00000000a0000000, 0x00000000b5580000, 0x00000000e0000000)
  object space 349696K, 0% used [0x00000000a0000000,0x00000000a02fa440,0x00000000b5580000)
 PSPermGen       total 41472K, used 41452K [0x0000000080000000, 0x0000000082880000, 0x00000000a0000000)
  object space 41472K, 99% used [0x0000000080000000,0x000000008287b050,0x0000000082880000)
}
Event: 95.733 GC heap before
{Heap before GC invocations=4 (full 0):
 PSYoungGen      total 153600K, used 153585K [0x00000000e0000000, 0x00000000eab00000, 0x0000000100000000)
  eden space 132096K, 100% used [0x00000000e0000000,0x00000000e8100000,0x00000000e8100000)
  from space 21504K, 99% used [0x00000000e8100000,0x00000000e95fc400,0x00000000e9600000)
  to   space 21504K, 0% used [0x00000000e9600000,0x00000000e9600000,0x00000000eab00000)
 ParOldGen       total 349696K, used 3049K [0x00000000a0000000, 0x00000000b5580000, 0x00000000e0000000)
  object space 349696K, 0% used [0x00000000a0000000,0x00000000a02fa440,0x00000000b5580000)
 PSPermGen       total 59392K, used 59390K [0x0000000080000000, 0x0000000083a00000, 0x00000000a0000000)
  object space 59392K, 99% used [0x0000000080000000,0x00000000839ffae0,0x0000000083a00000)
Event: 95.768 GC heap after
Heap after GC invocations=4 (full 0):
 PSYoungGen      total 153600K, used 21499K [0x00000000e0000000, 0x00000000eab00000, 0x0000000100000000)
  eden space 132096K, 0% used [0x00000000e0000000,0x00000000e0000000,0x00000000e8100000)
  from space 21504K, 99% used [0x00000000e9600000,0x00000000eaafee30,0x00000000eab00000)
  to   space 21504K, 0% used [0x00000000e8100000,0x00000000e8100000,0x00000000e9600000)
 ParOldGen       total 349696K, used 13511K [0x00000000a0000000, 0x00000000b5580000, 0x00000000e0000000)
  object space 349696K, 3% used [0x00000000a0000000,0x00000000a0d31cf0,0x00000000b5580000)
 PSPermGen       total 59392K, used 59390K [0x0000000080000000, 0x0000000083a00000, 0x00000000a0000000)
  object space 59392K, 99% used [0x0000000080000000,0x00000000839ffae0,0x0000000083a00000)
}

