# JRE version: OpenJDK Runtime Environment (7.0_51) (build 1.7.0_51-b00)
# Java VM: OpenJDK 64-Bit Server VM (24.45-b08 mixed mode linux-amd64 compressed oops)
Heap
 PSYoungGen      total 274944K, used 76258K [0x00000000e0000000, 0x00000000f2180000, 0x0000000100000000)
  eden space 253440K, 21% used [0x00000000e0000000,0x00000000e35797d0,0x00000000ef780000)
  from space 21504K, 99% used [0x00000000ef780000,0x00000000f0c7f208,0x00000000f0c80000)
  to   space 21504K, 0% used [0x00000000f0c80000,0x00000000f0c80000,0x00000000f2180000)
 ParOldGen       total 349696K, used 12776K [0x00000000a0000000, 0x00000000b5580000, 0x00000000e0000000)
  object space 349696K, 3% used [0x00000000a0000000,0x00000000a0c7a070,0x00000000b5580000)
 PSPermGen       total 61440K, used 61287K [0x0000000080000000, 0x0000000083c00000, 0x00000000a0000000)
  object space 61440K, 99% used [0x0000000080000000,0x0000000083bd9fa0,0x0000000083c00000)
GC Heap History (6 events):
Event: 2.587 GC heap before
{Heap before GC invocations=1 (full 0):
 PSYoungGen      total 153600K, used 132096K [0x00000000e0000000, 0x00000000eab00000, 0x0000000100000000)
  eden space 132096K, 100% used [0x00000000e0000000,0x00000000e8100000,0x00000000e8100000)
  from space 21504K, 0% used [0x00000000e9600000,0x00000000e9600000,0x00000000eab00000)
  to   space 21504K, 0% used [0x00000000e8100000,0x00000000e8100000,0x00000000e9600000)
 ParOldGen       total 349696K, used 0K [0x00000000a0000000, 0x00000000b5580000, 0x00000000e0000000)
  object space 349696K, 0% used [0x00000000a0000000,0x00000000a0000000,0x00000000b5580000)
 PSPermGen       total 22528K, used 22196K [0x0000000080000000, 0x0000000081600000, 0x00000000a0000000)
  object space 22528K, 98% used [0x0000000080000000,0x00000000815ad3b8,0x0000000081600000)
Event: 2.614 GC heap after
Heap after GC invocations=1 (full 0):
 PSYoungGen      total 153600K, used 17029K [0x00000000e0000000, 0x00000000f2c00000, 0x0000000100000000)
  eden space 132096K, 0% used [0x00000000e0000000,0x00000000e0000000,0x00000000e8100000)
  from space 21504K, 79% used [0x00000000e8100000,0x00000000e91a16b0,0x00000000e9600000)
  to   space 21504K, 0% used [0x00000000f1700000,0x00000000f1700000,0x00000000f2c00000)
 ParOldGen       total 349696K, used 8K [0x00000000a0000000, 0x00000000b5580000, 0x00000000e0000000)
  object space 349696K, 0% used [0x00000000a0000000,0x00000000a0002000,0x00000000b5580000)
 PSPermGen       total 22528K, used 22196K [0x0000000080000000, 0x0000000081600000, 0x00000000a0000000)
  object space 22528K, 98% used [0x0000000080000000,0x00000000815ad3b8,0x0000000081600000)
}
Event: 4.264 GC heap before
{Heap before GC invocations=2 (full 0):
 PSYoungGen      total 153600K, used 149125K [0x00000000e0000000, 0x00000000f2c00000, 0x0000000100000000)
  eden space 132096K, 100% used [0x00000000e0000000,0x00000000e8100000,0x00000000e8100000)
  from space 21504K, 79% used [0x00000000e8100000,0x00000000e91a16b0,0x00000000e9600000)
  to   space 21504K, 0% used [0x00000000f1700000,0x00000000f1700000,0x00000000f2c00000)
 ParOldGen       total 349696K, used 8K [0x00000000a0000000, 0x00000000b5580000, 0x00000000e0000000)
  object space 349696K, 0% used [0x00000000a0000000,0x00000000a0002000,0x00000000b5580000)
 PSPermGen       total 28160K, used 27827K [0x0000000080000000, 0x0000000081b80000, 0x00000000a0000000)
  object space 28160K, 98% used [0x0000000080000000,0x0000000081b2ce18,0x0000000081b80000)
Event: 4.278 GC heap after
Heap after GC invocations=2 (full 0):
 PSYoungGen      total 264192K, used 10417K [0x00000000e0000000, 0x00000000f2180000, 0x0000000100000000)
  eden space 253440K, 0% used [0x00000000e0000000,0x00000000e0000000,0x00000000ef780000)
  from space 10752K, 96% used [0x00000000f1700000,0x00000000f212c4a0,0x00000000f2180000)
  to   space 21504K, 0% used [0x00000000ef780000,0x00000000ef780000,0x00000000f0c80000)
 ParOldGen       total 349696K, used 8K [0x00000000a0000000, 0x00000000b5580000, 0x00000000e0000000)
  object space 349696K, 0% used [0x00000000a0000000,0x00000000a0002000,0x00000000b5580000)
 PSPermGen       total 28160K, used 27827K [0x0000000080000000, 0x0000000081b80000, 0x00000000a0000000)
  object space 28160K, 98% used [0x0000000080000000,0x0000000081b2ce18,0x0000000081b80000)
}
Event: 14.170 GC heap before
{Heap before GC invocations=3 (full 0):
 PSYoungGen      total 264192K, used 263857K [0x00000000e0000000, 0x00000000f2180000, 0x0000000100000000)
  eden space 253440K, 100% used [0x00000000e0000000,0x00000000ef780000,0x00000000ef780000)
  from space 10752K, 96% used [0x00000000f1700000,0x00000000f212c4a0,0x00000000f2180000)
  to   space 21504K, 0% used [0x00000000ef780000,0x00000000ef780000,0x00000000f0c80000)
 ParOldGen       total 349696K, used 8K [0x00000000a0000000, 0x00000000b5580000, 0x00000000e0000000)
  object space 349696K, 0% used [0x00000000a0000000,0x00000000a0002000,0x00000000b5580000)
 PSPermGen       total 51712K, used 51301K [0x0000000080000000, 0x0000000083280000, 0x00000000a0000000)
  object space 51712K, 99% used [0x0000000080000000,0x00000000832197f8,0x0000000083280000)
Event: 14.203 GC heap after
Heap after GC invocations=3 (full 0):
 PSYoungGen      total 274944K, used 21500K [0x00000000e0000000, 0x00000000f2180000, 0x0000000100000000)
  eden space 253440K, 0% used [0x00000000e0000000,0x00000000e0000000,0x00000000ef780000)
  from space 21504K, 99% used [0x00000000ef780000,0x00000000f0c7f208,0x00000000f0c80000)
  to   space 21504K, 0% used [0x00000000f0c80000,0x00000000f0c80000,0x00000000f2180000)
 ParOldGen       total 349696K, used 12776K [0x00000000a0000000, 0x00000000b5580000, 0x00000000e0000000)
  object space 349696K, 3% used [0x00000000a0000000,0x00000000a0c7a070,0x00000000b5580000)
 PSPermGen       total 51712K, used 51301K [0x0000000080000000, 0x0000000083280000, 0x00000000a0000000)
  object space 51712K, 99% used [0x0000000080000000,0x00000000832197f8,0x0000000083280000)
}

