# JRE version: OpenJDK Runtime Environment (7.0_51) (build 1.7.0_51-b00)
# Java VM: OpenJDK 64-Bit Server VM (24.45-b08 mixed mode linux-amd64 compressed oops)
Heap
 PSYoungGen      total 153600K, used 43334K [0x00000000e0000000, 0x00000000eab00000, 0x0000000100000000)
  eden space 132096K, 16% used [0x00000000e0000000,0x00000000e15554e8,0x00000000e8100000)
  from space 21504K, 99% used [0x00000000e9600000,0x00000000eaafc4c0,0x00000000eab00000)
  to   space 21504K, 0% used [0x00000000e8100000,0x00000000e8100000,0x00000000e9600000)
 ParOldGen       total 349696K, used 9501K [0x00000000a0000000, 0x00000000b5580000, 0x00000000e0000000)
  object space 349696K, 2% used [0x00000000a0000000,0x00000000a0947408,0x00000000b5580000)
 PSPermGen       total 59904K, used 59898K [0x0000000080000000, 0x0000000083a80000, 0x00000000a0000000)
  object space 59904K, 99% used [0x0000000080000000,0x0000000083a7e9e8,0x0000000083a80000)
GC Heap History (8 events):
Event: 2.578 GC heap before
{Heap before GC invocations=1 (full 0):
 PSYoungGen      total 153600K, used 132096K [0x00000000e0000000, 0x00000000eab00000, 0x0000000100000000)
  eden space 132096K, 100% used [0x00000000e0000000,0x00000000e8100000,0x00000000e8100000)
  from space 21504K, 0% used [0x00000000e9600000,0x00000000e9600000,0x00000000eab00000)
  to   space 21504K, 0% used [0x00000000e8100000,0x00000000e8100000,0x00000000e9600000)
 ParOldGen       total 349696K, used 0K [0x00000000a0000000, 0x00000000b5580000, 0x00000000e0000000)
  object space 349696K, 0% used [0x00000000a0000000,0x00000000a0000000,0x00000000b5580000)
 PSPermGen       total 22528K, used 22162K [0x0000000080000000, 0x0000000081600000, 0x00000000a0000000)
  object space 22528K, 98% used [0x0000000080000000,0x00000000815a4978,0x0000000081600000)
Event: 2.600 GC heap after
Heap after GC invocations=1 (full 0):
 PSYoungGen      total 153600K, used 17097K [0x00000000e0000000, 0x00000000eab00000, 0x0000000100000000)
  eden space 132096K, 0% used [0x00000000e0000000,0x00000000e0000000,0x00000000e8100000)
  from space 21504K, 79% used [0x00000000e8100000,0x00000000e91b26a0,0x00000000e9600000)
  to   space 21504K, 0% used [0x00000000e9600000,0x00000000e9600000,0x00000000eab00000)
 ParOldGen       total 349696K, used 8K [0x00000000a0000000, 0x00000000b5580000, 0x00000000e0000000)
  object space 349696K, 0% used [0x00000000a0000000,0x00000000a0002000,0x00000000b5580000)
 PSPermGen       total 22528K, used 22162K [0x0000000080000000, 0x0000000081600000, 0x00000000a0000000)
  object space 22528K, 98% used [0x0000000080000000,0x00000000815a4978,0x0000000081600000)
}
Event: 5.569 GC heap before
{Heap before GC invocations=2 (full 0):
 PSYoungGen      total 153600K, used 149193K [0x00000000e0000000, 0x00000000eab00000, 0x0000000100000000)
  eden space 132096K, 100% used [0x00000000e0000000,0x00000000e8100000,0x00000000e8100000)
  from space 21504K, 79% used [0x00000000e8100000,0x00000000e91b26a0,0x00000000e9600000)
  to   space 21504K, 0% used [0x00000000e9600000,0x00000000e9600000,0x00000000eab00000)
 ParOldGen       total 349696K, used 8K [0x00000000a0000000, 0x00000000b5580000, 0x00000000e0000000)
  object space 349696K, 0% used [0x00000000a0000000,0x00000000a0002000,0x00000000b5580000)
 PSPermGen       total 28672K, used 28393K [0x0000000080000000, 0x0000000081c00000, 0x00000000a0000000)
  object space 28672K, 99% used [0x0000000080000000,0x0000000081bba748,0x0000000081c00000)
Event: 5.583 GC heap after
Heap after GC invocations=2 (full 0):
 PSYoungGen      total 153600K, used 11294K [0x00000000e0000000, 0x00000000eab00000, 0x0000000100000000)
  eden space 132096K, 0% used [0x00000000e0000000,0x00000000e0000000,0x00000000e8100000)
  from space 21504K, 52% used [0x00000000e9600000,0x00000000ea107a78,0x00000000eab00000)
  to   space 21504K, 0% used [0x00000000e8100000,0x00000000e8100000,0x00000000e9600000)
 ParOldGen       total 349696K, used 16K [0x00000000a0000000, 0x00000000b5580000, 0x00000000e0000000)
  object space 349696K, 0% used [0x00000000a0000000,0x00000000a0004000,0x00000000b5580000)
 PSPermGen       total 28672K, used 28393K [0x0000000080000000, 0x0000000081c00000, 0x00000000a0000000)
  object space 28672K, 99% used [0x0000000080000000,0x0000000081bba748,0x0000000081c00000)
}
Event: 13.188 GC heap before
{Heap before GC invocations=3 (full 0):
 PSYoungGen      total 153600K, used 143390K [0x00000000e0000000, 0x00000000eab00000, 0x0000000100000000)
  eden space 132096K, 100% used [0x00000000e0000000,0x00000000e8100000,0x00000000e8100000)
  from space 21504K, 52% used [0x00000000e9600000,0x00000000ea107a78,0x00000000eab00000)
  to   space 21504K, 0% used [0x00000000e8100000,0x00000000e8100000,0x00000000e9600000)
 ParOldGen       total 349696K, used 16K [0x00000000a0000000, 0x00000000b5580000, 0x00000000e0000000)
  object space 349696K, 0% used [0x00000000a0000000,0x00000000a0004000,0x00000000b5580000)
 PSPermGen       total 41472K, used 41447K [0x0000000080000000, 0x0000000082880000, 0x00000000a0000000)
  object space 41472K, 99% used [0x0000000080000000,0x0000000082879e90,0x0000000082880000)
Event: 13.212 GC heap after
Heap after GC invocations=3 (full 0):
 PSYoungGen      total 153600K, used 21483K [0x00000000e0000000, 0x00000000eab00000, 0x0000000100000000)
  eden space 132096K, 0% used [0x00000000e0000000,0x00000000e0000000,0x00000000e8100000)
  from space 21504K, 99% used [0x00000000e8100000,0x00000000e95fafb8,0x00000000e9600000)
  to   space 21504K, 0% used [0x00000000e9600000,0x00000000e9600000,0x00000000eab00000)
 ParOldGen       total 349696K, used 1458K [0x00000000a0000000, 0x00000000b5580000, 0x00000000e0000000)
  object space 349696K, 0% used [0x00000000a0000000,0x00000000a016cb00,0x00000000b5580000)
 PSPermGen       total 41472K, used 41447K [0x0000000080000000, 0x0000000082880000, 0x00000000a0000000)
  object space 41472K, 99% used [0x0000000080000000,0x0000000082879e90,0x0000000082880000)
}
Event: 16.293 GC heap before
{Heap before GC invocations=4 (full 0):
 PSYoungGen      total 153600K, used 153579K [0x00000000e0000000, 0x00000000eab00000, 0x0000000100000000)
  eden space 132096K, 100% used [0x00000000e0000000,0x00000000e8100000,0x00000000e8100000)
  from space 21504K, 99% used [0x00000000e8100000,0x00000000e95fafb8,0x00000000e9600000)
  to   space 21504K, 0% used [0x00000000e9600000,0x00000000e9600000,0x00000000eab00000)
 ParOldGen       total 349696K, used 1458K [0x00000000a0000000, 0x00000000b5580000, 0x00000000e0000000)
  object space 349696K, 0% used [0x00000000a0000000,0x00000000a016cb00,0x00000000b5580000)
 PSPermGen       total 57344K, used 56909K [0x0000000080000000, 0x0000000083800000, 0x00000000a0000000)
  object space 57344K, 99% used [0x0000000080000000,0x0000000083793730,0x0000000083800000)
Event: 16.330 GC heap after
Heap after GC invocations=4 (full 0):
 PSYoungGen      total 153600K, used 21489K [0x00000000e0000000, 0x00000000eab00000, 0x0000000100000000)
  eden space 132096K, 0% used [0x00000000e0000000,0x00000000e0000000,0x00000000e8100000)
  from space 21504K, 99% used [0x00000000e9600000,0x00000000eaafc4c0,0x00000000eab00000)
  to   space 21504K, 0% used [0x00000000e8100000,0x00000000e8100000,0x00000000e9600000)
 ParOldGen       total 349696K, used 9501K [0x00000000a0000000, 0x00000000b5580000, 0x00000000e0000000)
  object space 349696K, 2% used [0x00000000a0000000,0x00000000a0947408,0x00000000b5580000)
 PSPermGen       total 57344K, used 56909K [0x0000000080000000, 0x0000000083800000, 0x00000000a0000000)
  object space 57344K, 99% used [0x0000000080000000,0x0000000083793730,0x0000000083800000)
}

